<?xml version="1.0" encoding="UTF-8"?>
<testng-results ignored="0" total="3" passed="3" failed="0" skipped="0">
  <reporter-output>
  </reporter-output>
  <suite started-at="2023-08-13T12:29:11 IST" name="Suite" finished-at="2023-08-13T12:29:36 IST" duration-ms="24481">
    <groups>
    </groups>
    <test started-at="2023-08-13T12:29:11 IST" name="Test" finished-at="2023-08-13T12:29:36 IST" duration-ms="24481">
      <class name="test.MultTest">
        <test-method is-config="true" signature="openUrl()[pri:0, instance:test.MultTest@61001b64]" started-at="2023-08-13T12:29:30 IST" name="openUrl" finished-at="2023-08-13T12:29:35 IST" duration-ms="4773" status="PASS">
          <reporter-output>
          </reporter-output>
        </test-method> <!-- openUrl -->
        <test-method signature="mul()[pri:0, instance:test.MultTest@61001b64]" started-at="2023-08-13T12:29:35 IST" name="mul" finished-at="2023-08-13T12:29:35 IST" duration-ms="1" status="PASS">
          <reporter-output>
          </reporter-output>
        </test-method> <!-- mul -->
        <test-method is-config="true" signature="close()[pri:0, instance:test.MultTest@61001b64]" started-at="2023-08-13T12:29:35 IST" name="close" finished-at="2023-08-13T12:29:36 IST" duration-ms="711" status="PASS">
          <reporter-output>
          </reporter-output>
        </test-method> <!-- close -->
      </class> <!-- test.MultTest -->
      <class name="test.AddTest">
        <test-method is-config="true" signature="openUrl()[pri:0, instance:test.AddTest@201a4587]" started-at="2023-08-13T12:29:25 IST" name="openUrl" finished-at="2023-08-13T12:29:29 IST" duration-ms="4621" status="PASS">
          <reporter-output>
          </reporter-output>
        </test-method> <!-- openUrl -->
        <test-method signature="add()[pri:0, instance:test.AddTest@201a4587]" started-at="2023-08-13T12:29:29 IST" name="add" finished-at="2023-08-13T12:29:29 IST" duration-ms="1" status="PASS">
          <reporter-output>
          </reporter-output>
        </test-method> <!-- add -->
        <test-method is-config="true" signature="close()[pri:0, instance:test.AddTest@201a4587]" started-at="2023-08-13T12:29:29 IST" name="close" finished-at="2023-08-13T12:29:30 IST" duration-ms="702" status="PASS">
          <reporter-output>
          </reporter-output>
        </test-method> <!-- close -->
      </class> <!-- test.AddTest -->
      <class name="test.SearchTest">
        <test-method is-config="true" signature="openUrl()[pri:0, instance:test.SearchTest@1e04fa0a]" started-at="2023-08-13T12:29:11 IST" name="openUrl" finished-at="2023-08-13T12:29:19 IST" duration-ms="8062" status="PASS">
          <reporter-output>
          </reporter-output>
        </test-method> <!-- openUrl -->
        <test-method signature="search()[pri:0, instance:test.SearchTest@1e04fa0a]" started-at="2023-08-13T12:29:19 IST" name="search" finished-at="2023-08-13T12:29:24 IST" duration-ms="4827" status="PASS">
          <reporter-output>
          </reporter-output>
        </test-method> <!-- search -->
        <test-method is-config="true" signature="close()[pri:0, instance:test.SearchTest@1e04fa0a]" started-at="2023-08-13T12:29:24 IST" name="close" finished-at="2023-08-13T12:29:25 IST" duration-ms="747" status="PASS">
          <reporter-output>
          </reporter-output>
        </test-method> <!-- close -->
      </class> <!-- test.SearchTest -->
    </test> <!-- Test -->
  </suite> <!-- Suite -->
</testng-results>
